Exception encountered: #<RuntimeError: Fatal: No output file given for Guard::RSpec formatter!>
backtrace:
/home/alessandro/.rvm/gems/ruby-2.2.2/gems/guard-rspec-4.6.0/lib/guard/rspec_formatter.rb:113:in `_results_file'
/home/alessandro/.rvm/gems/ruby-2.2.2/gems/guard-rspec-4.6.0/lib/guard/rspec_formatter.rb:83:in `_write'
/home/alessandro/.rvm/gems/ruby-2.2.2/gems/guard-rspec-4.6.0/lib/guard/rspec_formatter.rb:76:in `write_summary'
/home/alessandro/.rvm/gems/ruby-2.2.2/gems/guard-rspec-4.6.0/lib/guard/rspec_formatter.rb:64:in `dump_summary'
/home/alessandro/.rvm/gems/ruby-2.2.2/gems/rspec-core-3.3.1/lib/rspec/core/reporter.rb:184:in `block in notify'
/home/alessandro/.rvm/gems/ruby-2.2.2/gems/rspec-core-3.3.1/lib/rspec/core/reporter.rb:183:in `each'
/home/alessandro/.rvm/gems/ruby-2.2.2/gems/rspec-core-3.3.1/lib/rspec/core/reporter.rb:183:in `notify'
/home/alessandro/.rvm/gems/ruby-2.2.2/gems/rspec-core-3.3.1/lib/rspec/core/reporter.rb:162:in `block in finish'
/home/alessandro/.rvm/gems/ruby-2.2.2/gems/rspec-core-3.3.1/lib/rspec/core/reporter.rb:170:in `close_after'
/home/alessandro/.rvm/gems/ruby-2.2.2/gems/rspec-core-3.3.1/lib/rspec/core/reporter.rb:151:in `finish'
/home/alessandro/.rvm/gems/ruby-2.2.2/gems/rspec-core-3.3.1/lib/rspec/core/reporter.rb:79:in `report'
/home/alessandro/.rvm/gems/ruby-2.2.2/gems/rspec-core-3.3.1/lib/rspec/core/runner.rb:113:in `run_specs'
/home/alessandro/.rvm/gems/ruby-2.2.2/gems/rspec-core-3.3.1/lib/rspec/core/runner.rb:89:in `run'
/home/alessandro/.rvm/gems/ruby-2.2.2/bundler/gems/spork-224df492657e/lib/spork/test_framework/rspec.rb:12:in `run_tests'
/home/alessandro/.rvm/gems/ruby-2.2.2/bundler/gems/spork-224df492657e/lib/spork/run_strategy/forking.rb:13:in `block in run'
/home/alessandro/.rvm/gems/ruby-2.2.2/bundler/gems/spork-224df492657e/lib/spork/forker.rb:21:in `block in initialize'
/home/alessandro/.rvm/gems/ruby-2.2.2/bundler/gems/spork-224df492657e/lib/spork/forker.rb:18:in `fork'
/home/alessandro/.rvm/gems/ruby-2.2.2/bundler/gems/spork-224df492657e/lib/spork/forker.rb:18:in `initialize'
/home/alessandro/.rvm/gems/ruby-2.2.2/bundler/gems/spork-224df492657e/lib/spork/run_strategy/forking.rb:9:in `new'
/home/alessandro/.rvm/gems/ruby-2.2.2/bundler/gems/spork-224df492657e/lib/spork/run_strategy/forking.rb:9:in `run'
/home/alessandro/.rvm/gems/ruby-2.2.2/bundler/gems/spork-224df492657e/lib/spork/server.rb:49:in `run'
/home/alessandro/.rvm/rubies/ruby-2.2.2/lib/ruby/2.2.0/drb/drb.rb:1624:in `perform_without_block'
/home/alessandro/.rvm/rubies/ruby-2.2.2/lib/ruby/2.2.0/drb/drb.rb:1584:in `perform'
/home/alessandro/.rvm/rubies/ruby-2.2.2/lib/ruby/2.2.0/drb/drb.rb:1657:in `block (2 levels) in main_loop'
/home/alessandro/.rvm/rubies/ruby-2.2.2/lib/ruby/2.2.0/drb/drb.rb:1653:in `loop'
/home/alessandro/.rvm/rubies/ruby-2.2.2/lib/ruby/2.2.0/drb/drb.rb:1653:in `block in main_loop'
